---------------------------------------------------------------
[ 2018-08-22T11:43:35+08:00 ] 127.0.0.1 GET 127.0.0.1:8000/admin/index
[运行时间：0.085532s] [吞吐率：11.69req/s] [内存消耗：1,604.13kb] [文件加载：69]
[ info ] [ LANG ] D:\tool\PhpStudy20180211\PHPTutorial\WWW\tp5.1newshangcheng\thinkphp\lang\zh-cn.php
[ info ] [ ROUTE ] array (
  'rule' => 'admin/index',
  'route' => 'admin/index/index_list',
  'option' => 
  array (
    'merge_rule_regex' => false,
  ),
  'var' => 
  array (
  ),
)
[ info ] [ HEADER ] array (
  'host' => '127.0.0.1:8000',
  'connection' => 'keep-alive',
  'upgrade-insecure-requests' => '1',
  'user-agent' => 'Mozilla/5.0 (Windows NT 10.0; WOW64) AppleWebKit/537.36 (KHTML, like Gecko) Chrome/68.0.3440.84 Safari/537.36',
  'accept' => 'text/html,application/xhtml+xml,application/xml;q=0.9,image/webp,image/apng,*/*;q=0.8',
  'accept-encoding' => 'gzip, deflate, br',
  'accept-language' => 'zh-CN,zh;q=0.9',
  'cookie' => 'Hm_lvt_080836300300be57b7f34f4b3e97d911=1534553713,1534572102,1534731042,1534824392',
)
[ info ] [ PARAM ] array (
)
[ info ] [ VIEW ] D:\tool\PhpStudy20180211\PHPTutorial\WWW\tp5.1newshangcheng\thinkphp\tpl/dispatch_jump.tpl [ array (
  0 => 'code',
  1 => 'msg',
  2 => 'data',
  3 => 'url',
  4 => 'wait',
) ]
---------------------------------------------------------------
[ 2018-08-22T11:43:38+08:00 ] 127.0.0.1 GET 127.0.0.1:8000/admin/login/
[运行时间：0.049990s] [吞吐率：20.00req/s] [内存消耗：1,586.20kb] [文件加载：66]
[ info ] [ LANG ] D:\tool\PhpStudy20180211\PHPTutorial\WWW\tp5.1newshangcheng\thinkphp\lang\zh-cn.php
[ info ] [ ROUTE ] array (
  'rule' => 'admin/login',
  'route' => 'admin/public/login',
  'option' => 
  array (
    'merge_rule_regex' => false,
  ),
  'var' => 
  array (
  ),
)
[ info ] [ HEADER ] array (
  'host' => '127.0.0.1:8000',
  'connection' => 'keep-alive',
  'upgrade-insecure-requests' => '1',
  'user-agent' => 'Mozilla/5.0 (Windows NT 10.0; WOW64) AppleWebKit/537.36 (KHTML, like Gecko) Chrome/68.0.3440.84 Safari/537.36',
  'accept' => 'text/html,application/xhtml+xml,application/xml;q=0.9,image/webp,image/apng,*/*;q=0.8',
  'referer' => 'http://127.0.0.1:8000/admin/index',
  'accept-encoding' => 'gzip, deflate, br',
  'accept-language' => 'zh-CN,zh;q=0.9',
  'cookie' => 'Hm_lvt_080836300300be57b7f34f4b3e97d911=1534553713,1534572102,1534731042,1534824392; PHPSESSID=bbof094cfteh729l1ef07qs2j5',
)
[ info ] [ PARAM ] array (
)
[ info ] [ VIEW ] D:\tool\PhpStudy20180211\PHPTutorial\WWW\tp5.1newshangcheng\application\admin\view\public\login.html [ array (
) ]
---------------------------------------------------------------
[ 2018-08-22T11:43:38+08:00 ] 127.0.0.1 GET 127.0.0.1:8000/admin/verify/
[运行时间：0.036745s] [吞吐率：27.21req/s] [内存消耗：1,579.59kb] [文件加载：64]
[ info ] [ LANG ] D:\tool\PhpStudy20180211\PHPTutorial\WWW\tp5.1newshangcheng\thinkphp\lang\zh-cn.php
[ info ] [ ROUTE ] array (
  'rule' => 'admin/verify',
  'route' => 'admin/public/verify',
  'option' => 
  array (
    'merge_rule_regex' => false,
  ),
  'var' => 
  array (
  ),
)
[ info ] [ HEADER ] array (
  'host' => '127.0.0.1:8000',
  'connection' => 'keep-alive',
  'user-agent' => 'Mozilla/5.0 (Windows NT 10.0; WOW64) AppleWebKit/537.36 (KHTML, like Gecko) Chrome/68.0.3440.84 Safari/537.36',
  'accept' => 'image/webp,image/apng,image/*,*/*;q=0.8',
  'referer' => 'http://127.0.0.1:8000/admin/login/',
  'accept-encoding' => 'gzip, deflate, br',
  'accept-language' => 'zh-CN,zh;q=0.9',
  'cookie' => 'Hm_lvt_080836300300be57b7f34f4b3e97d911=1534553713,1534572102,1534731042,1534824392; PHPSESSID=bbof094cfteh729l1ef07qs2j5',
)
[ info ] [ PARAM ] array (
)
---------------------------------------------------------------
[ 2018-08-22T11:48:21+08:00 ] 127.0.0.1 GET 127.0.0.1:8000/admin/count/count_domain
[运行时间：0.073654s] [吞吐率：13.58req/s] [内存消耗：2,607.55kb] [文件加载：77]
[ info ] [ LANG ] D:\tool\PhpStudy20180211\PHPTutorial\WWW\tp5.1newshangcheng\thinkphp\lang\zh-cn.php
[ info ] [ ROUTE ] array (
  'rule' => 'admin/count/count_domain',
  'route' => 'admin/count/count_domain',
  'option' => 
  array (
    'merge_rule_regex' => false,
  ),
  'var' => 
  array (
  ),
)
[ info ] [ HEADER ] array (
  'host' => '127.0.0.1:8000',
  'connection' => 'keep-alive',
  'upgrade-insecure-requests' => '1',
  'user-agent' => 'Mozilla/5.0 (Windows NT 10.0; WOW64) AppleWebKit/537.36 (KHTML, like Gecko) Chrome/68.0.3440.84 Safari/537.36',
  'accept' => 'text/html,application/xhtml+xml,application/xml;q=0.9,image/webp,image/apng,*/*;q=0.8',
  'accept-encoding' => 'gzip, deflate, br',
  'accept-language' => 'zh-CN,zh;q=0.9',
  'cookie' => 'PHPSESSID=bbof094cfteh729l1ef07qs2j5; Hm_lvt_080836300300be57b7f34f4b3e97d911=1534572102,1534731042,1534824392,1534909418; Hm_lpvt_080836300300be57b7f34f4b3e97d911=1534909418',
)
[ info ] [ PARAM ] array (
)
[ info ] [ DB ] INIT mysql
[ info ] [ VIEW ] D:\tool\PhpStudy20180211\PHPTutorial\WWW\tp5.1newshangcheng\application\admin\view\count\conut_domain.html [ array (
  0 => 'conuts',
) ]
[ sql ] [ DB ] CONNECT:[ UseTime:0.012048s ] mysql:host=127.0.0.1;dbname=shop;charset=utf8
[ sql ] [ SQL ] select domain,count(*) as count from sh_conut group by domain having count>1 [ RunTime:0.015963s ]
---------------------------------------------------------------
[ 2018-08-22T11:48:22+08:00 ] 127.0.0.1 GET 127.0.0.1:8000/admin/count/copyCount_list/?domain=local.text1.com
[运行时间：0.053553s] [吞吐率：18.67req/s] [内存消耗：2,562.92kb] [文件加载：75]
[ info ] [ LANG ] D:\tool\PhpStudy20180211\PHPTutorial\WWW\tp5.1newshangcheng\thinkphp\lang\zh-cn.php
[ info ] [ ROUTE ] array (
  'rule' => 'admin/count/copyCount_list',
  'route' => 'admin/count/copyCount_list',
  'option' => 
  array (
    'merge_rule_regex' => false,
  ),
  'var' => 
  array (
  ),
)
[ info ] [ HEADER ] array (
  'host' => '127.0.0.1:8000',
  'connection' => 'keep-alive',
  'upgrade-insecure-requests' => '1',
  'user-agent' => 'Mozilla/5.0 (Windows NT 10.0; WOW64) AppleWebKit/537.36 (KHTML, like Gecko) Chrome/68.0.3440.84 Safari/537.36',
  'accept' => 'text/html,application/xhtml+xml,application/xml;q=0.9,image/webp,image/apng,*/*;q=0.8',
  'referer' => 'http://127.0.0.1:8000/admin/count/count_domain',
  'accept-encoding' => 'gzip, deflate, br',
  'accept-language' => 'zh-CN,zh;q=0.9',
  'cookie' => 'PHPSESSID=bbof094cfteh729l1ef07qs2j5; Hm_lvt_080836300300be57b7f34f4b3e97d911=1534572102,1534731042,1534824392,1534909418; Hm_lpvt_080836300300be57b7f34f4b3e97d911=1534909418',
)
[ info ] [ PARAM ] array (
  'domain' => 'local.text1.com',
)
[ info ] [ DB ] INIT mysql
[ info ] [ VIEW ] D:\tool\PhpStudy20180211\PHPTutorial\WWW\tp5.1newshangcheng\application\admin\view\count\copyCount_list.html [ array (
  0 => 'conuts',
) ]
[ sql ] [ DB ] CONNECT:[ UseTime:0.013036s ] mysql:host=127.0.0.1;dbname=shop;charset=utf8
[ sql ] [ SQL ] select * from sh_conut where domain='local.text1.com' [ RunTime:0.000547s ]
---------------------------------------------------------------
[ 2018-08-22T11:50:09+08:00 ] 127.0.0.1 GET 127.0.0.1:8000/admin/count/count_data
[运行时间：0.047795s] [吞吐率：20.92req/s] [内存消耗：1,564.70kb] [文件加载：66]
[ info ] [ LANG ] D:\tool\PhpStudy20180211\PHPTutorial\WWW\tp5.1newshangcheng\thinkphp\lang\zh-cn.php
[ info ] [ ROUTE ] array (
  'rule' => 'admin/count/count_data',
  'route' => 'admin/count/count_data',
  'option' => 
  array (
    'merge_rule_regex' => false,
  ),
  'var' => 
  array (
  ),
)
[ info ] [ HEADER ] array (
  'host' => '127.0.0.1:8000',
  'connection' => 'keep-alive',
  'upgrade-insecure-requests' => '1',
  'user-agent' => 'Mozilla/5.0 (Windows NT 10.0; WOW64) AppleWebKit/537.36 (KHTML, like Gecko) Chrome/68.0.3440.84 Safari/537.36',
  'accept' => 'text/html,application/xhtml+xml,application/xml;q=0.9,image/webp,image/apng,*/*;q=0.8',
  'accept-encoding' => 'gzip, deflate, br',
  'accept-language' => 'zh-CN,zh;q=0.9',
  'cookie' => 'PHPSESSID=bbof094cfteh729l1ef07qs2j5; Hm_lvt_080836300300be57b7f34f4b3e97d911=1534572102,1534731042,1534824392,1534909418; Hm_lpvt_080836300300be57b7f34f4b3e97d911=1534909418',
)
[ info ] [ PARAM ] array (
)
---------------------------------------------------------------
[ 2018-08-22T11:50:25+08:00 ] 127.0.0.1 GET 127.0.0.1:8000/admin/count/count_data
[运行时间：0.042796s] [吞吐率：23.37req/s] [内存消耗：1,532.84kb] [文件加载：64]
[ info ] [ LANG ] D:\tool\PhpStudy20180211\PHPTutorial\WWW\tp5.1newshangcheng\thinkphp\lang\zh-cn.php
[ info ] [ ROUTE ] array (
  'rule' => 'admin/count/count_data',
  'route' => 'admin/count/conut_data',
  'option' => 
  array (
    'merge_rule_regex' => false,
  ),
  'var' => 
  array (
  ),
)
[ info ] [ HEADER ] array (
  'host' => '127.0.0.1:8000',
  'connection' => 'keep-alive',
  'cache-control' => 'max-age=0',
  'upgrade-insecure-requests' => '1',
  'user-agent' => 'Mozilla/5.0 (Windows NT 10.0; WOW64) AppleWebKit/537.36 (KHTML, like Gecko) Chrome/68.0.3440.84 Safari/537.36',
  'accept' => 'text/html,application/xhtml+xml,application/xml;q=0.9,image/webp,image/apng,*/*;q=0.8',
  'accept-encoding' => 'gzip, deflate, br',
  'accept-language' => 'zh-CN,zh;q=0.9',
  'cookie' => 'PHPSESSID=bbof094cfteh729l1ef07qs2j5; Hm_lvt_080836300300be57b7f34f4b3e97d911=1534572102,1534731042,1534824392,1534909418; Hm_lpvt_080836300300be57b7f34f4b3e97d911=1534909418',
)
[ info ] [ PARAM ] array (
)
[ info ] [ VIEW ] D:\tool\PhpStudy20180211\PHPTutorial\WWW\tp5.1newshangcheng\application\admin\view\count\conut_data.html [ array (
) ]
---------------------------------------------------------------
[ 2018-08-22T12:02:29+08:00 ] 127.0.0.1 GET 127.0.0.1:8000/admin/count/count_data
[运行时间：0.030038s] [吞吐率：33.29req/s] [内存消耗：1,839.05kb] [文件加载：71]
[ info ] [ LANG ] D:\tool\PhpStudy20180211\PHPTutorial\WWW\tp5.1newshangcheng\thinkphp\lang\zh-cn.php
[ info ] [ ROUTE ] array (
  'rule' => 'admin/count/count_data',
  'route' => 'admin/count/conut_data',
  'option' => 
  array (
    'merge_rule_regex' => false,
  ),
  'var' => 
  array (
  ),
)
[ info ] [ HEADER ] array (
  'host' => '127.0.0.1:8000',
  'connection' => 'keep-alive',
  'cache-control' => 'max-age=0',
  'upgrade-insecure-requests' => '1',
  'user-agent' => 'Mozilla/5.0 (Windows NT 10.0; WOW64) AppleWebKit/537.36 (KHTML, like Gecko) Chrome/68.0.3440.84 Safari/537.36',
  'accept' => 'text/html,application/xhtml+xml,application/xml;q=0.9,image/webp,image/apng,*/*;q=0.8',
  'accept-encoding' => 'gzip, deflate, br',
  'accept-language' => 'zh-CN,zh;q=0.9',
  'cookie' => 'PHPSESSID=bbof094cfteh729l1ef07qs2j5; Hm_lvt_080836300300be57b7f34f4b3e97d911=1534572102,1534731042,1534824392,1534909418; Hm_lpvt_080836300300be57b7f34f4b3e97d911=1534909418',
)
[ info ] [ PARAM ] array (
)
[ info ] [ VIEW ] D:\tool\PhpStudy20180211\PHPTutorial\WWW\tp5.1newshangcheng\application\admin\view\count\conut_data.html [ array (
) ]
